<?xml version="1.0" encoding="UTF-8"?>
<testng-results ignored="0" total="1" passed="1" failed="0" skipped="0">
  <reporter-output>
  </reporter-output>
  <suite started-at="2022-07-07T10:40:35 IST" name="Default suite" finished-at="2022-07-07T10:40:42 IST" duration-ms="6927">
    <groups>
    </groups>
    <test started-at="2022-07-07T10:40:35 IST" name="Default test" finished-at="2022-07-07T10:40:42 IST" duration-ms="6927">
      <class name="automation.testcases.LoginVishwa">
        <test-method signature="landingPage()[pri:0, instance:automation.testcases.LoginVishwa@37d4349f]" started-at="2022-07-07T10:40:35 IST" name="landingPage" finished-at="2022-07-07T10:40:42 IST" duration-ms="6868" status="PASS">
          <reporter-output>
          </reporter-output>
        </test-method> <!-- landingPage -->
      </class> <!-- automation.testcases.LoginVishwa -->
    </test> <!-- Default test -->
  </suite> <!-- Default suite -->
</testng-results>
